[245576:117888:1124/171030.603:WARNING:chrome_main_delegate.cc(745)] This is Chrome version 128.0.6613.138 (not a warning)
[245576:117888:1124/171030.677:WARNING:account_consistency_mode_manager.cc(77)] Desktop Identity Consistency cannot be enabled as no OAuth client ID and client secret have been configured.
[245576:192872:1124/171038.006:ERROR:cast_crl.cc(443)] CRL - Verification failed.
[245576:117888:1124/171251.748:WARNING:page_discarding_helper.cc(138)] Discarding multiple pages with target (kb): 0
[245576:117888:1124/171256.608:WARNING:page_discarding_helper.cc(138)] Discarding multiple pages with target (kb): 0
[245576:117888:1124/171301.609:WARNING:page_discarding_helper.cc(138)] Discarding multiple pages with target (kb): 0
[245576:117888:1124/171306.675:WARNING:page_discarding_helper.cc(138)] Discarding multiple pages with target (kb): 0
[245576:117888:1124/171311.680:WARNING:page_discarding_helper.cc(138)] Discarding multiple pages with target (kb): 0
[245576:117888:1124/171316.692:WARNING:page_discarding_helper.cc(138)] Discarding multiple pages with target (kb): 0
[245576:117888:1124/171321.736:WARNING:page_discarding_helper.cc(138)] Discarding multiple pages with target (kb): 0
[245576:117888:1124/171326.755:WARNING:page_discarding_helper.cc(138)] Discarding multiple pages with target (kb): 0
[245576:117888:1124/171331.804:WARNING:page_discarding_helper.cc(138)] Discarding multiple pages with target (kb): 0
[245576:117888:1124/171336.837:WARNING:page_discarding_helper.cc(138)] Discarding multiple pages with target (kb): 0
[245576:117888:1124/171341.855:WARNING:page_discarding_helper.cc(138)] Discarding multiple pages with target (kb): 0
[245576:117888:1124/171346.889:WARNING:page_discarding_helper.cc(138)] Discarding multiple pages with target (kb): 0
[245576:117888:1124/171351.950:WARNING:page_discarding_helper.cc(138)] Discarding multiple pages with target (kb): 0
[245576:117888:1124/171356.986:WARNING:page_discarding_helper.cc(138)] Discarding multiple pages with target (kb): 0
[245576:117888:1124/171402.009:WARNING:page_discarding_helper.cc(138)] Discarding multiple pages with target (kb): 0
[245576:117888:1124/171407.009:WARNING:page_discarding_helper.cc(138)] Discarding multiple pages with target (kb): 0
[245576:117888:1124/171412.009:WARNING:page_discarding_helper.cc(138)] Discarding multiple pages with target (kb): 0
[245576:117888:1124/171417.065:WARNING:page_discarding_helper.cc(138)] Discarding multiple pages with target (kb): 0
[245576:117888:1124/171422.090:WARNING:page_discarding_helper.cc(138)] Discarding multiple pages with target (kb): 0
[245576:117888:1124/171427.132:WARNING:page_discarding_helper.cc(138)] Discarding multiple pages with target (kb): 0
[245576:117888:1124/171437.167:WARNING:page_discarding_helper.cc(138)] Discarding multiple pages with target (kb): 0
[245576:117888:1124/171442.212:WARNING:page_discarding_helper.cc(138)] Discarding multiple pages with target (kb): 0
[245576:117888:1124/171447.483:WARNING:page_discarding_helper.cc(138)] Discarding multiple pages with target (kb): 0
[245576:117888:1124/171452.484:WARNING:page_discarding_helper.cc(138)] Discarding multiple pages with target (kb): 0
[245576:117888:1124/171457.485:WARNING:page_discarding_helper.cc(138)] Discarding multiple pages with target (kb): 0
[245576:117888:1124/171502.485:WARNING:page_discarding_helper.cc(138)] Discarding multiple pages with target (kb): 0
[245576:117888:1124/171507.486:WARNING:page_discarding_helper.cc(138)] Discarding multiple pages with target (kb): 0
[245576:117888:1124/171512.488:WARNING:page_discarding_helper.cc(138)] Discarding multiple pages with target (kb): 0
[245576:117888:1124/171517.490:WARNING:page_discarding_helper.cc(138)] Discarding multiple pages with target (kb): 0
[245576:117888:1124/171522.493:WARNING:page_discarding_helper.cc(138)] Discarding multiple pages with target (kb): 0
[245576:117888:1124/171527.496:WARNING:page_discarding_helper.cc(138)] Discarding multiple pages with target (kb): 0
[245576:117888:1124/171532.498:WARNING:page_discarding_helper.cc(138)] Discarding multiple pages with target (kb): 0
[245576:117888:1124/171537.500:WARNING:page_discarding_helper.cc(138)] Discarding multiple pages with target (kb): 0
[245576:117888:1124/171602.690:WARNING:pref_notifier_impl.cc(41)] Pref observer for media_router.cast_allow_all_ips found at shutdown.
